D:\DEV\PROJETO ED\NOVO NOVO LAST PRONTO FINAL - TESTES2\PROJETOED\PROJETOED\RELEASE\STDAFX.OBJ
D:\DEV\PROJETO ED\NOVO NOVO LAST PRONTO FINAL - TESTES2\PROJETOED\PROJETOED\RELEASE\PROJETOED.OBJ
D:\DEV\PROJETO ED\NOVO NOVO LAST PRONTO FINAL - TESTES2\PROJETOED\PROJETOED\RELEASE\VC110.PDB
D:\DEV\PROJETO ED\NOVO NOVO LAST PRONTO FINAL - TESTES3\PROJETOED\PROJETOED\RELEASE\STDAFX.OBJ
D:\DEV\PROJETO ED\NOVO NOVO LAST PRONTO FINAL - TESTES3\PROJETOED\PROJETOED\RELEASE\PROJETOED.OBJ
D:\DEV\PROJETO ED\NOVO NOVO LAST PRONTO FINAL - TESTES3\PROJETOED\PROJETOED\RELEASE\VC110.PDB
D:\DEV\PROJETO ED\NOVO NOVO LAST PRONTO FINAL - TESTES2\PROJETOED\RELEASE\PROJETOED.EXE
D:\DEV\PROJETO ED\NOVO NOVO LAST PRONTO FINAL - TESTES2\PROJETOED\RELEASE\PROJETOED.PDB
D:\DEV\PROJETO ED\NOVO NOVO LAST PRONTO FINAL - TESTES3\PROJETOED\RELEASE\PROJETOED.EXE
D:\DEV\PROJETO ED\NOVO NOVO LAST PRONTO FINAL - TESTES3\PROJETOED\RELEASE\PROJETOED.PDB
D:\Dev\Projeto Ed\Novo Novo Last Pronto Final - testes3\ProjetoEd\ProjetoEd\Release\ProjetoEd.obj
D:\Dev\Projeto Ed\Novo Novo Last Pronto Final - testes3\ProjetoEd\ProjetoEd\Release\stdafx.obj
D:\Dev\Projeto Ed\Novo Novo Last Pronto Final - testes3\ProjetoEd\ProjetoEd\Release\cl.command.1.tlog
D:\Dev\Projeto Ed\Novo Novo Last Pronto Final - testes3\ProjetoEd\ProjetoEd\Release\CL.read.1.tlog
D:\Dev\Projeto Ed\Novo Novo Last Pronto Final - testes3\ProjetoEd\ProjetoEd\Release\CL.write.1.tlog
D:\Dev\Projeto Ed\Novo Novo Last Pronto Final - testes3\ProjetoEd\ProjetoEd\Release\link-cvtres.read.1.tlog
D:\Dev\Projeto Ed\Novo Novo Last Pronto Final - testes3\ProjetoEd\ProjetoEd\Release\link-cvtres.write.1.tlog
D:\Dev\Projeto Ed\Novo Novo Last Pronto Final - testes3\ProjetoEd\ProjetoEd\Release\link-rc.read.1.tlog
D:\Dev\Projeto Ed\Novo Novo Last Pronto Final - testes3\ProjetoEd\ProjetoEd\Release\link-rc.write.1.tlog
D:\Dev\Projeto Ed\Novo Novo Last Pronto Final - testes3\ProjetoEd\ProjetoEd\Release\link.command.1.tlog
D:\Dev\Projeto Ed\Novo Novo Last Pronto Final - testes3\ProjetoEd\ProjetoEd\Release\link.read.1.tlog
D:\Dev\Projeto Ed\Novo Novo Last Pronto Final - testes3\ProjetoEd\ProjetoEd\Release\link.write.1.tlog
D:\Dev\Projeto Ed\Novo Novo Last Pronto Final - testes3\ProjetoEd\ProjetoEd\Release\vc110.pdb
D:\Dev\Projeto Ed\Novo Novo Last Pronto Final - testes3\ProjetoEd\Release\ProjetoEd.pdb
D:\Dev\Projeto Ed\Novo Novo Last Pronto Final - testes3\ProjetoEd\Release\ProjetoEd.exe
