Build started 03/11/2013 16:04:27.
     1>Project "D:\Dev\Projeto Ed\Novo Novo Last Pronto Final - testes3\ProjetoEd\ProjetoEd\ProjetoEd.vcxproj" on node 2 (Build target(s)).
     1>InitializeBuildStatus:
         Creating "Debug\ProjetoEd.unsuccessfulbuild" because "AlwaysCreate" was specified.
       ClCompile:
         C:\Program Files (x86)\Microsoft Visual Studio 11.0\VC\bin\CL.exe /c /ZI /nologo /W3 /WX- /sdl /Od /Oy- /D WIN32 /D _DEBUG /D _CONSOLE /D _CRT_SECURE_NO_WARNINGS /D _UNICODE /D UNICODE /Gm /EHsc /RTC1 /MDd /GS /fp:precise /Zc:wchar_t /Zc:forScope /Fo"Debug\\" /Fd"Debug\vc110.pdb" /Gd /TP /analyze- /errorReport:prompt ProjetoEd.cpp
         ProjetoEd.cpp
     1>d:\dev\projeto ed\novo novo last pronto final - testes3\projetoed\projetoed\projetoed.cpp(117): warning C4805: '==' : unsafe mix of type 'int' and type 'bool' in operation
     1>d:\dev\projeto ed\novo novo last pronto final - testes3\projetoed\projetoed\projetoed.cpp(181): warning C4552: '-' : operator has no effect; expected operator with side-effect
     1>d:\dev\projeto ed\novo novo last pronto final - testes3\projetoed\projetoed\projetoed.cpp(286): warning C4805: '==' : unsafe mix of type 'int' and type 'bool' in operation
     1>d:\dev\projeto ed\novo novo last pronto final - testes3\projetoed\projetoed\projetoed.cpp(294): warning C4805: '==' : unsafe mix of type 'int' and type 'bool' in operation
     1>d:\dev\projeto ed\novo novo last pronto final - testes3\projetoed\projetoed\projetoed.cpp(522): warning C4244: 'initializing' : conversion from 'double' to 'int', possible loss of data
     1>d:\dev\projeto ed\novo novo last pronto final - testes3\projetoed\projetoed\projetoed.cpp(707): warning C4244: '=' : conversion from 'double' to 'int', possible loss of data
       Link:
         C:\Program Files (x86)\Microsoft Visual Studio 11.0\VC\bin\link.exe /ERRORREPORT:PROMPT /OUT:"D:\Dev\Projeto Ed\Novo Novo Last Pronto Final - testes3\ProjetoEd\Debug\ProjetoEd.exe" /INCREMENTAL /NOLOGO kernel32.lib user32.lib gdi32.lib winspool.lib comdlg32.lib advapi32.lib shell32.lib ole32.lib oleaut32.lib uuid.lib odbc32.lib odbccp32.lib /MANIFEST /MANIFESTUAC:"level='asInvoker' uiAccess='false'" /manifest:embed /DEBUG /PDB:"D:\Dev\Projeto Ed\Novo Novo Last Pronto Final - testes3\ProjetoEd\Debug\ProjetoEd.pdb" /SUBSYSTEM:CONSOLE /TLBID:1 /DYNAMICBASE /NXCOMPAT /IMPLIB:"D:\Dev\Projeto Ed\Novo Novo Last Pronto Final - testes3\ProjetoEd\Debug\ProjetoEd.lib" /MACHINE:X86 Debug\ProjetoEd.obj
         Debug\stdafx.obj
     1>LINK : fatal error LNK1168: cannot open D:\Dev\Projeto Ed\Novo Novo Last Pronto Final - testes3\ProjetoEd\Debug\ProjetoEd.exe for writing
     1>Done Building Project "D:\Dev\Projeto Ed\Novo Novo Last Pronto Final - testes3\ProjetoEd\ProjetoEd\ProjetoEd.vcxproj" (Build target(s)) -- FAILED.

Build FAILED.

Time Elapsed 00:00:00.38
